d:\github\sadx-randomizer\sadx-randomizer\release\vc141.pdb
d:\github\sadx-randomizer\sadx-randomizer\release\textconv.obj
d:\github\sadx-randomizer\sadx-randomizer\release\mod.obj
d:\github\sadx-randomizer\sadx-randomizer\release\inifile.obj
d:\github\sadx-randomizer\release\sadx-randomizer.dll
d:\github\sadx-randomizer\release\sadx-randomizer.pdb
d:\github\sadx-randomizer\release\sadx-randomizer.lib
d:\github\sadx-randomizer\release\sadx-randomizer.exp
d:\github\sadx-randomizer\release\sadx-randomizer.ipdb
d:\github\sadx-randomizer\release\sadx-randomizer.iobj
d:\documents\git\sadx-randomizer\sadx-randomizer\release\inifile.obj
d:\documents\git\sadx-randomizer\sadx-randomizer\release\textconv.obj
d:\documents\git\sadx-randomizer\sadx-randomizer\release\vc141.pdb
d:\documents\git\sadx-randomizer\sadx-randomizer\release\sadx-randomizer.tlog\cl.command.1.tlog
d:\documents\git\sadx-randomizer\sadx-randomizer\release\sadx-randomizer.tlog\cl.read.1.tlog
d:\documents\git\sadx-randomizer\sadx-randomizer\release\sadx-randomizer.tlog\cl.write.1.tlog
d:\documents\git\sadx-randomizer\sadx-randomizer\release\sadx-randomizer.tlog\link.command.1.tlog
d:\documents\git\sadx-randomizer\sadx-randomizer\release\sadx-randomizer.tlog\link.read.1.tlog
d:\documents\git\sadx-randomizer\sadx-randomizer\release\sadx-randomizer.tlog\link.write.1.tlog
d:\documents\git\sadx-randomizer\sadx-randomizer\release\sadx-randomizer.tlog\sadx-randomizer.write.1u.tlog
